<List>
  <entities>
    <Entity>
      <type>Sign</type>
      <name>sign</name>
      <x>3</x>
      <y>12</y>
      <layer>0</layer>
      <strings>
        <entry>
          <string>text</string>
          <string>?Red?'s house</string>
        </entry>
      </strings>
    </Entity>
    <Entity>
      <type>Sign</type>
      <name>sign</name>
      <x>11</x>
      <y>12</y>
      <layer>0</layer>
      <strings>
        <entry>
          <string>text</string>
          <string>?Blue?'s house</string>
        </entry>
      </strings>
    </Entity>
    <Entity>
      <type>Sign</type>
      <name>sign</name>
      <x>7</x>
      <y>8</y>
      <layer>0</layer>
      <strings>
        <entry>
          <string>text</string>
          <string>Pallet Town/nShades of your journey await!</string>
        </entry>
      </strings>
    </Entity>
    <Entity>
      <type>Sign</type>
      <name>sign</name>
      <x>13</x>
      <y>4</y>
      <layer>0</layer>
      <strings>
        <entry>
          <string>text</string>
          <string>Oak Pokemon Research Lab</string>
        </entry>
      </strings>
    </Entity>
    <Entity>
      <type>NPC</type>
      <name>fatty</name>
      <spriteset>fat_man</spriteset>
      <x>10</x>
      <y>3</y>
      <layer>0</layer>
      <script>Pallet_Town_Person_A</script>
      <facing>South</facing>
      <strings>
      </strings>
    </Entity>
    <Entity>
      <type>NPC</type>
      <name>chick</name>
      <spriteset>girl1</spriteset>
      <x>2</x>
      <y>9</y>
      <layer>0</layer>
      <script>Pallet_Town_Person_B</script>
      <facing>East</facing>
      <strings>
      </strings>
    </Entity>
    <Entity>
      <type>NPC</type>
      <name>Oak</name>
      <spriteset>Oak</spriteset>
      <x>9</x>
      <y>10</y>
      <layer>0</layer>
      <facing>North</facing>
      <strings>
      </strings>
      <hidden>true</hidden>
    </Entity>
  </entities>
</List>